{"total": {"lines":{"total":193,"covered":191,"skipped":0,"pct":98.96},"statements":{"total":220,"covered":218,"skipped":0,"pct":99.09},"functions":{"total":69,"covered":66,"skipped":0,"pct":95.65},"branches":{"total":85,"covered":83,"skipped":0,"pct":97.65}}
,"/home/katoto/version/JSAU/jsau-apiserver/app.js": {"lines":{"total":22,"covered":22,"skipped":0,"pct":100},"functions":{"total":2,"covered":2,"skipped":0,"pct":100},"statements":{"total":22,"covered":22,"skipped":0,"pct":100},"branches":{"total":0,"covered":0,"skipped":0,"pct":100}}
,"/home/katoto/version/JSAU/jsau-apiserver/bin/pathJson.js": {"lines":{"total":2,"covered":2,"skipped":0,"pct":100},"functions":{"total":0,"covered":0,"skipped":0,"pct":100},"statements":{"total":2,"covered":2,"skipped":0,"pct":100},"branches":{"total":0,"covered":0,"skipped":0,"pct":100}}
,"/home/katoto/version/JSAU/jsau-apiserver/controllers/controller.js": {"lines":{"total":39,"covered":37,"skipped":0,"pct":94.87},"functions":{"total":21,"covered":21,"skipped":0,"pct":100},"statements":{"total":39,"covered":37,"skipped":0,"pct":94.87},"branches":{"total":16,"covered":14,"skipped":0,"pct":87.5}}
,"/home/katoto/version/JSAU/jsau-apiserver/models/model.js": {"lines":{"total":112,"covered":112,"skipped":0,"pct":100},"functions":{"total":46,"covered":43,"skipped":0,"pct":93.48},"statements":{"total":139,"covered":139,"skipped":0,"pct":100},"branches":{"total":69,"covered":69,"skipped":0,"pct":100}}
,"/home/katoto/version/JSAU/jsau-apiserver/routes/index.js": {"lines":{"total":16,"covered":16,"skipped":0,"pct":100},"functions":{"total":0,"covered":0,"skipped":0,"pct":100},"statements":{"total":16,"covered":16,"skipped":0,"pct":100},"branches":{"total":0,"covered":0,"skipped":0,"pct":100}}
,"/home/katoto/version/JSAU/jsau-apiserver/tests/dataJson/dataPostEnq.js": {"lines":{"total":2,"covered":2,"skipped":0,"pct":100},"functions":{"total":0,"covered":0,"skipped":0,"pct":100},"statements":{"total":2,"covered":2,"skipped":0,"pct":100},"branches":{"total":0,"covered":0,"skipped":0,"pct":100}}
}
