{"/home/katoto/version/JSAU/jsau-apiserver/app.js": {"path":"/home/katoto/version/JSAU/jsau-apiserver/app.js","statementMap":{"0":{"start":{"line":1,"column":14},"end":{"line":1,"column":32}},"1":{"start":{"line":2,"column":11},"end":{"line":2,"column":26}},"2":{"start":{"line":3,"column":19},"end":{"line":3,"column":43}},"3":{"start":{"line":4,"column":13},"end":{"line":4,"column":30}},"4":{"start":{"line":6,"column":18},"end":{"line":6,"column":43}},"5":{"start":{"line":8,"column":10},"end":{"line":8,"column":19}},"6":{"start":{"line":10,"column":0},"end":{"line":10,"column":23}},"7":{"start":{"line":11,"column":0},"end":{"line":11,"column":24}},"8":{"start":{"line":12,"column":0},"end":{"line":12,"column":49}},"9":{"start":{"line":13,"column":0},"end":{"line":13,"column":24}},"10":{"start":{"line":14,"column":0},"end":{"line":14,"column":56}},"11":{"start":{"line":16,"column":0},"end":{"line":16,"column":26}},"12":{"start":{"line":18,"column":0},"end":{"line":18,"column":21}}},"fnMap":{},"branchMap":{},"s":{"0":1,"1":1,"2":1,"3":1,"4":1,"5":1,"6":1,"7":1,"8":1,"9":1,"10":1,"11":1,"12":1},"f":{},"b":{},"_coverageSchema":"1a1c01bbd47fc00a2c39e90264f33305004495a9","hash":"33289d71e20f424261a7894f461ac50a13bb2472"}
,"/home/katoto/version/JSAU/jsau-apiserver/bin/pathJson.js": {"path":"/home/katoto/version/JSAU/jsau-apiserver/bin/pathJson.js","statementMap":{"0":{"start":{"line":1,"column":13},"end":{"line":1,"column":28}},"1":{"start":{"line":3,"column":0},"end":{"line":7,"column":1}}},"fnMap":{},"branchMap":{},"s":{"0":1,"1":1},"f":{},"b":{},"_coverageSchema":"1a1c01bbd47fc00a2c39e90264f33305004495a9","hash":"1ab7857f223bd03fcd86ae96ea91c5c62cf745b1"}
,"/home/katoto/version/JSAU/jsau-apiserver/controllers/controller.js": {"path":"/home/katoto/version/JSAU/jsau-apiserver/controllers/controller.js","statementMap":{"0":{"start":{"line":1,"column":12},"end":{"line":1,"column":38}},"1":{"start":{"line":4,"column":4},"end":{"line":10,"column":5}},"2":{"start":{"line":5,"column":8},"end":{"line":9,"column":9}},"3":{"start":{"line":6,"column":12},"end":{"line":6,"column":49}},"4":{"start":{"line":8,"column":12},"end":{"line":8,"column":47}},"5":{"start":{"line":13,"column":0},"end":{"line":85,"column":1}},"6":{"start":{"line":15,"column":8},"end":{"line":17,"column":10}},"7":{"start":{"line":16,"column":12},"end":{"line":16,"column":111}},"8":{"start":{"line":20,"column":8},"end":{"line":22,"column":10}},"9":{"start":{"line":21,"column":12},"end":{"line":21,"column":39}},"10":{"start":{"line":25,"column":8},"end":{"line":31,"column":10}},"11":{"start":{"line":26,"column":12},"end":{"line":30,"column":13}},"12":{"start":{"line":27,"column":16},"end":{"line":27,"column":51}},"13":{"start":{"line":29,"column":16},"end":{"line":29,"column":43}},"14":{"start":{"line":34,"column":8},"end":{"line":40,"column":10}},"15":{"start":{"line":35,"column":12},"end":{"line":39,"column":13}},"16":{"start":{"line":36,"column":16},"end":{"line":36,"column":51}},"17":{"start":{"line":38,"column":16},"end":{"line":38,"column":43}},"18":{"start":{"line":43,"column":8},"end":{"line":53,"column":10}},"19":{"start":{"line":44,"column":12},"end":{"line":52,"column":13}},"20":{"start":{"line":45,"column":16},"end":{"line":49,"column":19}},"21":{"start":{"line":51,"column":16},"end":{"line":51,"column":51}},"22":{"start":{"line":56,"column":8},"end":{"line":62,"column":10}},"23":{"start":{"line":57,"column":12},"end":{"line":61,"column":13}},"24":{"start":{"line":58,"column":16},"end":{"line":58,"column":86}},"25":{"start":{"line":60,"column":16},"end":{"line":60,"column":51}},"26":{"start":{"line":65,"column":8},"end":{"line":71,"column":10}},"27":{"start":{"line":66,"column":12},"end":{"line":70,"column":13}},"28":{"start":{"line":67,"column":16},"end":{"line":67,"column":53}},"29":{"start":{"line":69,"column":16},"end":{"line":69,"column":51}},"30":{"start":{"line":74,"column":8},"end":{"line":74,"column":77}},"31":{"start":{"line":77,"column":8},"end":{"line":77,"column":114}},"32":{"start":{"line":80,"column":8},"end":{"line":80,"column":93}},"33":{"start":{"line":83,"column":8},"end":{"line":83,"column":126}}},"fnMap":{"0":{"name":"delOrPatchIssue","decl":{"start":{"line":3,"column":9},"end":{"line":3,"column":24}},"loc":{"start":{"line":3,"column":30},"end":{"line":11,"column":1}},"line":3},"1":{"name":"(anonymous_1)","decl":{"start":{"line":4,"column":11},"end":{"line":4,"column":12}},"loc":{"start":{"line":4,"column":26},"end":{"line":10,"column":5}},"line":4},"2":{"name":"(anonymous_2)","decl":{"start":{"line":14,"column":10},"end":{"line":14,"column":11}},"loc":{"start":{"line":14,"column":24},"end":{"line":18,"column":5}},"line":14},"3":{"name":"(anonymous_3)","decl":{"start":{"line":15,"column":19},"end":{"line":15,"column":20}},"loc":{"start":{"line":15,"column":34},"end":{"line":17,"column":9}},"line":15},"4":{"name":"(anonymous_4)","decl":{"start":{"line":19,"column":13},"end":{"line":19,"column":14}},"loc":{"start":{"line":19,"column":27},"end":{"line":23,"column":5}},"line":19},"5":{"name":"(anonymous_5)","decl":{"start":{"line":20,"column":24},"end":{"line":20,"column":25}},"loc":{"start":{"line":20,"column":39},"end":{"line":22,"column":9}},"line":20},"6":{"name":"(anonymous_6)","decl":{"start":{"line":24,"column":12},"end":{"line":24,"column":13}},"loc":{"start":{"line":24,"column":26},"end":{"line":32,"column":5}},"line":24},"7":{"name":"(anonymous_7)","decl":{"start":{"line":25,"column":36},"end":{"line":25,"column":37}},"loc":{"start":{"line":25,"column":51},"end":{"line":31,"column":9}},"line":25},"8":{"name":"(anonymous_8)","decl":{"start":{"line":33,"column":12},"end":{"line":33,"column":13}},"loc":{"start":{"line":33,"column":26},"end":{"line":41,"column":5}},"line":33},"9":{"name":"(anonymous_9)","decl":{"start":{"line":34,"column":36},"end":{"line":34,"column":37}},"loc":{"start":{"line":34,"column":51},"end":{"line":40,"column":9}},"line":34},"10":{"name":"(anonymous_10)","decl":{"start":{"line":42,"column":15},"end":{"line":42,"column":16}},"loc":{"start":{"line":42,"column":29},"end":{"line":54,"column":5}},"line":42},"11":{"name":"(anonymous_11)","decl":{"start":{"line":43,"column":50},"end":{"line":43,"column":51}},"loc":{"start":{"line":43,"column":65},"end":{"line":53,"column":9}},"line":43},"12":{"name":"(anonymous_12)","decl":{"start":{"line":55,"column":15},"end":{"line":55,"column":16}},"loc":{"start":{"line":55,"column":29},"end":{"line":63,"column":5}},"line":55},"13":{"name":"(anonymous_13)","decl":{"start":{"line":56,"column":67},"end":{"line":56,"column":68}},"loc":{"start":{"line":56,"column":82},"end":{"line":62,"column":9}},"line":56},"14":{"name":"(anonymous_14)","decl":{"start":{"line":64,"column":15},"end":{"line":64,"column":16}},"loc":{"start":{"line":64,"column":29},"end":{"line":72,"column":5}},"line":64},"15":{"name":"(anonymous_15)","decl":{"start":{"line":65,"column":50},"end":{"line":65,"column":51}},"loc":{"start":{"line":65,"column":65},"end":{"line":71,"column":9}},"line":65},"16":{"name":"(anonymous_16)","decl":{"start":{"line":73,"column":15},"end":{"line":73,"column":16}},"loc":{"start":{"line":73,"column":29},"end":{"line":75,"column":5}},"line":73},"17":{"name":"(anonymous_17)","decl":{"start":{"line":76,"column":14},"end":{"line":76,"column":15}},"loc":{"start":{"line":76,"column":28},"end":{"line":78,"column":5}},"line":76},"18":{"name":"(anonymous_18)","decl":{"start":{"line":79,"column":15},"end":{"line":79,"column":16}},"loc":{"start":{"line":79,"column":29},"end":{"line":81,"column":5}},"line":79},"19":{"name":"(anonymous_19)","decl":{"start":{"line":82,"column":14},"end":{"line":82,"column":15}},"loc":{"start":{"line":82,"column":28},"end":{"line":84,"column":5}},"line":82}},"branchMap":{"0":{"loc":{"start":{"line":5,"column":8},"end":{"line":9,"column":9}},"type":"if","locations":[{"start":{"line":5,"column":8},"end":{"line":9,"column":9}},{"start":{"line":5,"column":8},"end":{"line":9,"column":9}}],"line":5},"1":{"loc":{"start":{"line":26,"column":12},"end":{"line":30,"column":13}},"type":"if","locations":[{"start":{"line":26,"column":12},"end":{"line":30,"column":13}},{"start":{"line":26,"column":12},"end":{"line":30,"column":13}}],"line":26},"2":{"loc":{"start":{"line":35,"column":12},"end":{"line":39,"column":13}},"type":"if","locations":[{"start":{"line":35,"column":12},"end":{"line":39,"column":13}},{"start":{"line":35,"column":12},"end":{"line":39,"column":13}}],"line":35},"3":{"loc":{"start":{"line":44,"column":12},"end":{"line":52,"column":13}},"type":"if","locations":[{"start":{"line":44,"column":12},"end":{"line":52,"column":13}},{"start":{"line":44,"column":12},"end":{"line":52,"column":13}}],"line":44},"4":{"loc":{"start":{"line":57,"column":12},"end":{"line":61,"column":13}},"type":"if","locations":[{"start":{"line":57,"column":12},"end":{"line":61,"column":13}},{"start":{"line":57,"column":12},"end":{"line":61,"column":13}}],"line":57},"5":{"loc":{"start":{"line":66,"column":12},"end":{"line":70,"column":13}},"type":"if","locations":[{"start":{"line":66,"column":12},"end":{"line":70,"column":13}},{"start":{"line":66,"column":12},"end":{"line":70,"column":13}}],"line":66}},"s":{"0":1,"1":8,"2":8,"3":4,"4":4,"5":1,"6":1,"7":1,"8":1,"9":1,"10":2,"11":3,"12":1,"13":2,"14":2,"15":2,"16":1,"17":1,"18":3,"19":3,"20":1,"21":2,"22":3,"23":3,"24":1,"25":2,"26":3,"27":3,"28":1,"29":2,"30":2,"31":2,"32":2,"33":2},"f":{"0":8,"1":8,"2":1,"3":1,"4":1,"5":1,"6":2,"7":3,"8":2,"9":2,"10":3,"11":3,"12":3,"13":3,"14":3,"15":3,"16":2,"17":2,"18":2,"19":2},"b":{"0":[4,4],"1":[1,2],"2":[1,1],"3":[1,2],"4":[1,2],"5":[1,2]},"_coverageSchema":"1a1c01bbd47fc00a2c39e90264f33305004495a9","hash":"32193783601743b340a1da015e9a9cac45d519b5"}
,"/home/katoto/version/JSAU/jsau-apiserver/models/model.js": {"path":"/home/katoto/version/JSAU/jsau-apiserver/models/model.js","statementMap":{"0":{"start":{"line":1,"column":19},"end":{"line":1,"column":41}},"1":{"start":{"line":2,"column":21},"end":{"line":2,"column":36}},"2":{"start":{"line":3,"column":36},"end":{"line":3,"column":62}},"3":{"start":{"line":7,"column":0},"end":{"line":13,"column":7}},"4":{"start":{"line":9,"column":8},"end":{"line":9,"column":38}},"5":{"start":{"line":12,"column":8},"end":{"line":12,"column":19}},"6":{"start":{"line":15,"column":0},"end":{"line":21,"column":7}},"7":{"start":{"line":17,"column":8},"end":{"line":17,"column":39}},"8":{"start":{"line":20,"column":8},"end":{"line":20,"column":19}},"9":{"start":{"line":23,"column":0},"end":{"line":29,"column":7}},"10":{"start":{"line":25,"column":8},"end":{"line":25,"column":39}},"11":{"start":{"line":28,"column":8},"end":{"line":28,"column":19}},"12":{"start":{"line":33,"column":8},"end":{"line":33,"column":59}},"13":{"start":{"line":37,"column":8},"end":{"line":37,"column":26}},"14":{"start":{"line":41,"column":24},"end":{"line":41,"column":64}},"15":{"start":{"line":41,"column":47},"end":{"line":41,"column":63}},"16":{"start":{"line":42,"column":8},"end":{"line":44,"column":9}},"17":{"start":{"line":43,"column":12},"end":{"line":43,"column":30}},"18":{"start":{"line":45,"column":25},"end":{"line":45,"column":77}},"19":{"start":{"line":45,"column":51},"end":{"line":45,"column":76}},"20":{"start":{"line":46,"column":8},"end":{"line":46,"column":49}},"21":{"start":{"line":51,"column":8},"end":{"line":89,"column":9}},"22":{"start":{"line":52,"column":12},"end":{"line":52,"column":36}},"23":{"start":{"line":54,"column":26},"end":{"line":54,"column":34}},"24":{"start":{"line":55,"column":28},"end":{"line":55,"column":30}},"25":{"start":{"line":56,"column":12},"end":{"line":56,"column":50}},"26":{"start":{"line":57,"column":27},"end":{"line":57,"column":31}},"27":{"start":{"line":58,"column":12},"end":{"line":66,"column":14}},"28":{"start":{"line":60,"column":16},"end":{"line":62,"column":17}},"29":{"start":{"line":61,"column":20},"end":{"line":61,"column":37}},"30":{"start":{"line":63,"column":30},"end":{"line":63,"column":38}},"31":{"start":{"line":64,"column":16},"end":{"line":64,"column":39}},"32":{"start":{"line":65,"column":16},"end":{"line":65,"column":78}},"33":{"start":{"line":67,"column":12},"end":{"line":88,"column":13}},"34":{"start":{"line":68,"column":16},"end":{"line":68,"column":68}},"35":{"start":{"line":68,"column":50},"end":{"line":68,"column":66}},"36":{"start":{"line":69,"column":16},"end":{"line":69,"column":78}},"37":{"start":{"line":69,"column":52},"end":{"line":69,"column":77}},"38":{"start":{"line":71,"column":16},"end":{"line":71,"column":40}},"39":{"start":{"line":73,"column":16},"end":{"line":87,"column":22}},"40":{"start":{"line":75,"column":24},"end":{"line":82,"column":30}},"41":{"start":{"line":77,"column":32},"end":{"line":77,"column":75}},"42":{"start":{"line":93,"column":20},"end":{"line":93,"column":24}},"43":{"start":{"line":94,"column":21},"end":{"line":94,"column":23}},"44":{"start":{"line":95,"column":8},"end":{"line":115,"column":11}},"45":{"start":{"line":97,"column":12},"end":{"line":100,"column":13}},"46":{"start":{"line":99,"column":16},"end":{"line":99,"column":30}},"47":{"start":{"line":101,"column":24},"end":{"line":101,"column":84}},"48":{"start":{"line":101,"column":51},"end":{"line":101,"column":83}},"49":{"start":{"line":102,"column":12},"end":{"line":114,"column":13}},"50":{"start":{"line":104,"column":16},"end":{"line":104,"column":30}},"51":{"start":{"line":106,"column":30},"end":{"line":106,"column":88}},"52":{"start":{"line":106,"column":55},"end":{"line":106,"column":87}},"53":{"start":{"line":107,"column":16},"end":{"line":113,"column":17}},"54":{"start":{"line":108,"column":32},"end":{"line":108,"column":40}},"55":{"start":{"line":109,"column":20},"end":{"line":109,"column":52}},"56":{"start":{"line":116,"column":8},"end":{"line":128,"column":9}},"57":{"start":{"line":117,"column":12},"end":{"line":117,"column":49}},"58":{"start":{"line":118,"column":12},"end":{"line":125,"column":18}},"59":{"start":{"line":120,"column":20},"end":{"line":120,"column":43}},"60":{"start":{"line":127,"column":12},"end":{"line":127,"column":30}},"61":{"start":{"line":132,"column":19},"end":{"line":132,"column":57}},"62":{"start":{"line":132,"column":40},"end":{"line":132,"column":56}},"63":{"start":{"line":133,"column":8},"end":{"line":165,"column":9}},"64":{"start":{"line":134,"column":12},"end":{"line":134,"column":30}},"65":{"start":{"line":136,"column":26},"end":{"line":136,"column":76}},"66":{"start":{"line":136,"column":50},"end":{"line":136,"column":75}},"67":{"start":{"line":137,"column":12},"end":{"line":137,"column":48}},"68":{"start":{"line":137,"column":41},"end":{"line":137,"column":47}},"69":{"start":{"line":139,"column":12},"end":{"line":139,"column":84}},"70":{"start":{"line":139,"column":48},"end":{"line":139,"column":83}},"71":{"start":{"line":140,"column":12},"end":{"line":140,"column":74}},"72":{"start":{"line":140,"column":48},"end":{"line":140,"column":73}},"73":{"start":{"line":141,"column":12},"end":{"line":141,"column":63}},"74":{"start":{"line":141,"column":46},"end":{"line":141,"column":62}},"75":{"start":{"line":143,"column":12},"end":{"line":164,"column":18}},"76":{"start":{"line":145,"column":20},"end":{"line":159,"column":26}},"77":{"start":{"line":147,"column":28},"end":{"line":154,"column":34}},"78":{"start":{"line":149,"column":36},"end":{"line":149,"column":59}},"79":{"start":{"line":169,"column":22},"end":{"line":169,"column":60}},"80":{"start":{"line":169,"column":43},"end":{"line":169,"column":59}},"81":{"start":{"line":170,"column":8},"end":{"line":187,"column":9}},"82":{"start":{"line":171,"column":12},"end":{"line":171,"column":30}},"83":{"start":{"line":173,"column":12},"end":{"line":175,"column":13}},"84":{"start":{"line":174,"column":16},"end":{"line":174,"column":38}},"85":{"start":{"line":176,"column":12},"end":{"line":178,"column":13}},"86":{"start":{"line":177,"column":16},"end":{"line":177,"column":43}},"87":{"start":{"line":179,"column":12},"end":{"line":186,"column":18}},"88":{"start":{"line":181,"column":20},"end":{"line":181,"column":45}},"89":{"start":{"line":191,"column":22},"end":{"line":191,"column":60}},"90":{"start":{"line":191,"column":43},"end":{"line":191,"column":59}},"91":{"start":{"line":193,"column":8},"end":{"line":207,"column":9}},"92":{"start":{"line":194,"column":12},"end":{"line":194,"column":30}},"93":{"start":{"line":196,"column":24},"end":{"line":196,"column":32}},"94":{"start":{"line":197,"column":12},"end":{"line":197,"column":67}},"95":{"start":{"line":199,"column":12},"end":{"line":206,"column":18}},"96":{"start":{"line":201,"column":20},"end":{"line":201,"column":68}},"97":{"start":{"line":211,"column":22},"end":{"line":211,"column":60}},"98":{"start":{"line":211,"column":43},"end":{"line":211,"column":59}},"99":{"start":{"line":212,"column":23},"end":{"line":212,"column":63}},"100":{"start":{"line":212,"column":45},"end":{"line":212,"column":62}},"101":{"start":{"line":213,"column":8},"end":{"line":233,"column":9}},"102":{"start":{"line":214,"column":12},"end":{"line":214,"column":30}},"103":{"start":{"line":216,"column":12},"end":{"line":216,"column":76}},"104":{"start":{"line":216,"column":48},"end":{"line":216,"column":75}},"105":{"start":{"line":217,"column":12},"end":{"line":217,"column":66}},"106":{"start":{"line":217,"column":48},"end":{"line":217,"column":65}},"107":{"start":{"line":218,"column":12},"end":{"line":232,"column":18}},"108":{"start":{"line":220,"column":20},"end":{"line":227,"column":26}},"109":{"start":{"line":222,"column":28},"end":{"line":222,"column":51}},"110":{"start":{"line":237,"column":22},"end":{"line":237,"column":60}},"111":{"start":{"line":237,"column":43},"end":{"line":237,"column":59}},"112":{"start":{"line":238,"column":23},"end":{"line":238,"column":63}},"113":{"start":{"line":238,"column":45},"end":{"line":238,"column":62}},"114":{"start":{"line":239,"column":8},"end":{"line":257,"column":9}},"115":{"start":{"line":240,"column":12},"end":{"line":240,"column":30}},"116":{"start":{"line":242,"column":12},"end":{"line":244,"column":13}},"117":{"start":{"line":243,"column":16},"end":{"line":243,"column":39}},"118":{"start":{"line":245,"column":12},"end":{"line":247,"column":13}},"119":{"start":{"line":246,"column":16},"end":{"line":246,"column":43}},"120":{"start":{"line":249,"column":12},"end":{"line":256,"column":18}},"121":{"start":{"line":251,"column":20},"end":{"line":251,"column":45}},"122":{"start":{"line":261,"column":22},"end":{"line":261,"column":60}},"123":{"start":{"line":261,"column":43},"end":{"line":261,"column":59}},"124":{"start":{"line":262,"column":8},"end":{"line":279,"column":9}},"125":{"start":{"line":263,"column":12},"end":{"line":263,"column":30}},"126":{"start":{"line":265,"column":26},"end":{"line":265,"column":76}},"127":{"start":{"line":265,"column":50},"end":{"line":265,"column":75}},"128":{"start":{"line":266,"column":12},"end":{"line":266,"column":48}},"129":{"start":{"line":266,"column":41},"end":{"line":266,"column":47}},"130":{"start":{"line":267,"column":22},"end":{"line":267,"column":81}},"131":{"start":{"line":267,"column":46},"end":{"line":267,"column":80}},"132":{"start":{"line":268,"column":26},"end":{"line":268,"column":28}},"133":{"start":{"line":269,"column":12},"end":{"line":277,"column":14}},"134":{"start":{"line":271,"column":16},"end":{"line":276,"column":17}},"135":{"start":{"line":275,"column":20},"end":{"line":275,"column":58}},"136":{"start":{"line":278,"column":12},"end":{"line":278,"column":29}},"137":{"start":{"line":283,"column":0},"end":{"line":283,"column":22}}},"fnMap":{"0":{"name":"(anonymous_0)","decl":{"start":{"line":8,"column":10},"end":{"line":8,"column":11}},"loc":{"start":{"line":8,"column":28},"end":{"line":10,"column":5}},"line":8},"1":{"name":"(anonymous_1)","decl":{"start":{"line":11,"column":11},"end":{"line":11,"column":12}},"loc":{"start":{"line":11,"column":28},"end":{"line":13,"column":5}},"line":11},"2":{"name":"(anonymous_2)","decl":{"start":{"line":16,"column":10},"end":{"line":16,"column":11}},"loc":{"start":{"line":16,"column":28},"end":{"line":18,"column":5}},"line":16},"3":{"name":"(anonymous_3)","decl":{"start":{"line":19,"column":11},"end":{"line":19,"column":12}},"loc":{"start":{"line":19,"column":28},"end":{"line":21,"column":5}},"line":19},"4":{"name":"(anonymous_4)","decl":{"start":{"line":24,"column":10},"end":{"line":24,"column":11}},"loc":{"start":{"line":24,"column":28},"end":{"line":26,"column":5}},"line":24},"5":{"name":"(anonymous_5)","decl":{"start":{"line":27,"column":11},"end":{"line":27,"column":12}},"loc":{"start":{"line":27,"column":28},"end":{"line":29,"column":5}},"line":27},"6":{"name":"(anonymous_6)","decl":{"start":{"line":32,"column":4},"end":{"line":32,"column":5}},"loc":{"start":{"line":32,"column":20},"end":{"line":34,"column":5}},"line":32},"7":{"name":"(anonymous_7)","decl":{"start":{"line":36,"column":4},"end":{"line":36,"column":5}},"loc":{"start":{"line":36,"column":25},"end":{"line":38,"column":5}},"line":36},"8":{"name":"(anonymous_8)","decl":{"start":{"line":40,"column":4},"end":{"line":40,"column":5}},"loc":{"start":{"line":40,"column":29},"end":{"line":47,"column":5}},"line":40},"9":{"name":"(anonymous_9)","decl":{"start":{"line":41,"column":38},"end":{"line":41,"column":39}},"loc":{"start":{"line":41,"column":47},"end":{"line":41,"column":63}},"line":41},"10":{"name":"(anonymous_10)","decl":{"start":{"line":45,"column":42},"end":{"line":45,"column":43}},"loc":{"start":{"line":45,"column":51},"end":{"line":45,"column":76}},"line":45},"11":{"name":"(anonymous_11)","decl":{"start":{"line":49,"column":4},"end":{"line":49,"column":5}},"loc":{"start":{"line":49,"column":43},"end":{"line":90,"column":5}},"line":49},"12":{"name":"(anonymous_12)","decl":{"start":{"line":58,"column":31},"end":{"line":58,"column":32}},"loc":{"start":{"line":58,"column":45},"end":{"line":66,"column":13}},"line":58},"13":{"name":"(anonymous_13)","decl":{"start":{"line":68,"column":43},"end":{"line":68,"column":44}},"loc":{"start":{"line":68,"column":50},"end":{"line":68,"column":66}},"line":68},"14":{"name":"(anonymous_14)","decl":{"start":{"line":69,"column":45},"end":{"line":69,"column":46}},"loc":{"start":{"line":69,"column":52},"end":{"line":69,"column":77}},"line":69},"15":{"name":"(anonymous_15)","decl":{"start":{"line":74,"column":26},"end":{"line":74,"column":27}},"loc":{"start":{"line":74,"column":38},"end":{"line":83,"column":21}},"line":74},"16":{"name":"(anonymous_16)","decl":{"start":{"line":76,"column":34},"end":{"line":76,"column":35}},"loc":{"start":{"line":76,"column":46},"end":{"line":78,"column":29}},"line":76},"17":{"name":"(anonymous_17)","decl":{"start":{"line":79,"column":35},"end":{"line":79,"column":36}},"loc":{"start":{"line":79,"column":52},"end":{"line":82,"column":29}},"line":79},"18":{"name":"(anonymous_18)","decl":{"start":{"line":84,"column":27},"end":{"line":84,"column":28}},"loc":{"start":{"line":84,"column":44},"end":{"line":87,"column":21}},"line":84},"19":{"name":"(anonymous_19)","decl":{"start":{"line":92,"column":4},"end":{"line":92,"column":5}},"loc":{"start":{"line":92,"column":41},"end":{"line":129,"column":5}},"line":92},"20":{"name":"(anonymous_20)","decl":{"start":{"line":95,"column":27},"end":{"line":95,"column":28}},"loc":{"start":{"line":95,"column":34},"end":{"line":115,"column":9}},"line":95},"21":{"name":"(anonymous_21)","decl":{"start":{"line":101,"column":39},"end":{"line":101,"column":40}},"loc":{"start":{"line":101,"column":51},"end":{"line":101,"column":83}},"line":101},"22":{"name":"(anonymous_22)","decl":{"start":{"line":106,"column":44},"end":{"line":106,"column":45}},"loc":{"start":{"line":106,"column":55},"end":{"line":106,"column":87}},"line":106},"23":{"name":"(anonymous_23)","decl":{"start":{"line":119,"column":22},"end":{"line":119,"column":23}},"loc":{"start":{"line":119,"column":34},"end":{"line":121,"column":17}},"line":119},"24":{"name":"(anonymous_24)","decl":{"start":{"line":122,"column":23},"end":{"line":122,"column":24}},"loc":{"start":{"line":122,"column":40},"end":{"line":125,"column":17}},"line":122},"25":{"name":"(anonymous_25)","decl":{"start":{"line":131,"column":4},"end":{"line":131,"column":5}},"loc":{"start":{"line":131,"column":43},"end":{"line":166,"column":5}},"line":131},"26":{"name":"(anonymous_26)","decl":{"start":{"line":132,"column":33},"end":{"line":132,"column":34}},"loc":{"start":{"line":132,"column":40},"end":{"line":132,"column":56}},"line":132},"27":{"name":"(anonymous_27)","decl":{"start":{"line":136,"column":43},"end":{"line":136,"column":44}},"loc":{"start":{"line":136,"column":50},"end":{"line":136,"column":75}},"line":136},"28":{"name":"(anonymous_28)","decl":{"start":{"line":137,"column":34},"end":{"line":137,"column":35}},"loc":{"start":{"line":137,"column":41},"end":{"line":137,"column":47}},"line":137},"29":{"name":"(anonymous_29)","decl":{"start":{"line":139,"column":41},"end":{"line":139,"column":42}},"loc":{"start":{"line":139,"column":48},"end":{"line":139,"column":83}},"line":139},"30":{"name":"(anonymous_30)","decl":{"start":{"line":140,"column":41},"end":{"line":140,"column":42}},"loc":{"start":{"line":140,"column":48},"end":{"line":140,"column":73}},"line":140},"31":{"name":"(anonymous_31)","decl":{"start":{"line":141,"column":39},"end":{"line":141,"column":40}},"loc":{"start":{"line":141,"column":46},"end":{"line":141,"column":62}},"line":141},"32":{"name":"(anonymous_32)","decl":{"start":{"line":144,"column":22},"end":{"line":144,"column":23}},"loc":{"start":{"line":144,"column":34},"end":{"line":160,"column":17}},"line":144},"33":{"name":"(anonymous_33)","decl":{"start":{"line":146,"column":30},"end":{"line":146,"column":31}},"loc":{"start":{"line":146,"column":42},"end":{"line":155,"column":25}},"line":146},"34":{"name":"(anonymous_34)","decl":{"start":{"line":148,"column":38},"end":{"line":148,"column":39}},"loc":{"start":{"line":148,"column":50},"end":{"line":150,"column":33}},"line":148},"35":{"name":"(anonymous_35)","decl":{"start":{"line":151,"column":39},"end":{"line":151,"column":40}},"loc":{"start":{"line":151,"column":56},"end":{"line":154,"column":33}},"line":151},"36":{"name":"(anonymous_36)","decl":{"start":{"line":156,"column":31},"end":{"line":156,"column":32}},"loc":{"start":{"line":156,"column":48},"end":{"line":159,"column":25}},"line":156},"37":{"name":"(anonymous_37)","decl":{"start":{"line":161,"column":23},"end":{"line":161,"column":24}},"loc":{"start":{"line":161,"column":40},"end":{"line":164,"column":17}},"line":161},"38":{"name":"(anonymous_38)","decl":{"start":{"line":168,"column":4},"end":{"line":168,"column":5}},"loc":{"start":{"line":168,"column":57},"end":{"line":188,"column":5}},"line":168},"39":{"name":"(anonymous_39)","decl":{"start":{"line":169,"column":36},"end":{"line":169,"column":37}},"loc":{"start":{"line":169,"column":43},"end":{"line":169,"column":59}},"line":169},"40":{"name":"(anonymous_40)","decl":{"start":{"line":180,"column":22},"end":{"line":180,"column":23}},"loc":{"start":{"line":180,"column":34},"end":{"line":182,"column":17}},"line":180},"41":{"name":"(anonymous_41)","decl":{"start":{"line":183,"column":23},"end":{"line":183,"column":24}},"loc":{"start":{"line":183,"column":40},"end":{"line":186,"column":17}},"line":183},"42":{"name":"(anonymous_42)","decl":{"start":{"line":190,"column":4},"end":{"line":190,"column":5}},"loc":{"start":{"line":190,"column":45},"end":{"line":208,"column":5}},"line":190},"43":{"name":"(anonymous_43)","decl":{"start":{"line":191,"column":36},"end":{"line":191,"column":37}},"loc":{"start":{"line":191,"column":43},"end":{"line":191,"column":59}},"line":191},"44":{"name":"(anonymous_44)","decl":{"start":{"line":200,"column":22},"end":{"line":200,"column":23}},"loc":{"start":{"line":200,"column":34},"end":{"line":202,"column":17}},"line":200},"45":{"name":"(anonymous_45)","decl":{"start":{"line":203,"column":23},"end":{"line":203,"column":24}},"loc":{"start":{"line":203,"column":40},"end":{"line":206,"column":17}},"line":203},"46":{"name":"(anonymous_46)","decl":{"start":{"line":210,"column":4},"end":{"line":210,"column":5}},"loc":{"start":{"line":210,"column":51},"end":{"line":234,"column":5}},"line":210},"47":{"name":"(anonymous_47)","decl":{"start":{"line":211,"column":36},"end":{"line":211,"column":37}},"loc":{"start":{"line":211,"column":43},"end":{"line":211,"column":59}},"line":211},"48":{"name":"(anonymous_48)","decl":{"start":{"line":212,"column":38},"end":{"line":212,"column":39}},"loc":{"start":{"line":212,"column":45},"end":{"line":212,"column":62}},"line":212},"49":{"name":"(anonymous_49)","decl":{"start":{"line":216,"column":41},"end":{"line":216,"column":42}},"loc":{"start":{"line":216,"column":48},"end":{"line":216,"column":75}},"line":216},"50":{"name":"(anonymous_50)","decl":{"start":{"line":217,"column":41},"end":{"line":217,"column":42}},"loc":{"start":{"line":217,"column":48},"end":{"line":217,"column":65}},"line":217},"51":{"name":"(anonymous_51)","decl":{"start":{"line":219,"column":22},"end":{"line":219,"column":23}},"loc":{"start":{"line":219,"column":34},"end":{"line":228,"column":17}},"line":219},"52":{"name":"(anonymous_52)","decl":{"start":{"line":221,"column":30},"end":{"line":221,"column":31}},"loc":{"start":{"line":221,"column":42},"end":{"line":223,"column":25}},"line":221},"53":{"name":"(anonymous_53)","decl":{"start":{"line":224,"column":31},"end":{"line":224,"column":32}},"loc":{"start":{"line":224,"column":48},"end":{"line":227,"column":25}},"line":224},"54":{"name":"(anonymous_54)","decl":{"start":{"line":229,"column":23},"end":{"line":229,"column":24}},"loc":{"start":{"line":229,"column":40},"end":{"line":232,"column":17}},"line":229},"55":{"name":"(anonymous_55)","decl":{"start":{"line":236,"column":4},"end":{"line":236,"column":5}},"loc":{"start":{"line":236,"column":68},"end":{"line":258,"column":5}},"line":236},"56":{"name":"(anonymous_56)","decl":{"start":{"line":237,"column":36},"end":{"line":237,"column":37}},"loc":{"start":{"line":237,"column":43},"end":{"line":237,"column":59}},"line":237},"57":{"name":"(anonymous_57)","decl":{"start":{"line":238,"column":38},"end":{"line":238,"column":39}},"loc":{"start":{"line":238,"column":45},"end":{"line":238,"column":62}},"line":238},"58":{"name":"(anonymous_58)","decl":{"start":{"line":250,"column":22},"end":{"line":250,"column":23}},"loc":{"start":{"line":250,"column":34},"end":{"line":252,"column":17}},"line":250},"59":{"name":"(anonymous_59)","decl":{"start":{"line":253,"column":23},"end":{"line":253,"column":24}},"loc":{"start":{"line":253,"column":40},"end":{"line":256,"column":17}},"line":253},"60":{"name":"(anonymous_60)","decl":{"start":{"line":260,"column":4},"end":{"line":260,"column":5}},"loc":{"start":{"line":260,"column":29},"end":{"line":280,"column":5}},"line":260},"61":{"name":"(anonymous_61)","decl":{"start":{"line":261,"column":36},"end":{"line":261,"column":37}},"loc":{"start":{"line":261,"column":43},"end":{"line":261,"column":59}},"line":261},"62":{"name":"(anonymous_62)","decl":{"start":{"line":265,"column":43},"end":{"line":265,"column":44}},"loc":{"start":{"line":265,"column":50},"end":{"line":265,"column":75}},"line":265},"63":{"name":"(anonymous_63)","decl":{"start":{"line":266,"column":34},"end":{"line":266,"column":35}},"loc":{"start":{"line":266,"column":41},"end":{"line":266,"column":47}},"line":266},"64":{"name":"(anonymous_64)","decl":{"start":{"line":267,"column":39},"end":{"line":267,"column":40}},"loc":{"start":{"line":267,"column":46},"end":{"line":267,"column":80}},"line":267},"65":{"name":"(anonymous_65)","decl":{"start":{"line":269,"column":24},"end":{"line":269,"column":25}},"loc":{"start":{"line":269,"column":29},"end":{"line":277,"column":13}},"line":269}},"branchMap":{"0":{"loc":{"start":{"line":42,"column":8},"end":{"line":44,"column":9}},"type":"if","locations":[{"start":{"line":42,"column":8},"end":{"line":44,"column":9}},{"start":{"line":42,"column":8},"end":{"line":44,"column":9}}],"line":42},"1":{"loc":{"start":{"line":51,"column":8},"end":{"line":89,"column":9}},"type":"if","locations":[{"start":{"line":51,"column":8},"end":{"line":89,"column":9}},{"start":{"line":51,"column":8},"end":{"line":89,"column":9}}],"line":51},"2":{"loc":{"start":{"line":51,"column":14},"end":{"line":51,"column":122}},"type":"binary-expr","locations":[{"start":{"line":51,"column":14},"end":{"line":51,"column":46}},{"start":{"line":51,"column":50},"end":{"line":51,"column":81}},{"start":{"line":51,"column":85},"end":{"line":51,"column":122}}],"line":51},"3":{"loc":{"start":{"line":60,"column":16},"end":{"line":62,"column":17}},"type":"if","locations":[{"start":{"line":60,"column":16},"end":{"line":62,"column":17}},{"start":{"line":60,"column":16},"end":{"line":62,"column":17}}],"line":60},"4":{"loc":{"start":{"line":60,"column":22},"end":{"line":60,"column":92}},"type":"binary-expr","locations":[{"start":{"line":60,"column":22},"end":{"line":60,"column":54}},{"start":{"line":60,"column":58},"end":{"line":60,"column":92}}],"line":60},"5":{"loc":{"start":{"line":67,"column":12},"end":{"line":88,"column":13}},"type":"if","locations":[{"start":{"line":67,"column":12},"end":{"line":88,"column":13}},{"start":{"line":67,"column":12},"end":{"line":88,"column":13}}],"line":67},"6":{"loc":{"start":{"line":97,"column":12},"end":{"line":100,"column":13}},"type":"if","locations":[{"start":{"line":97,"column":12},"end":{"line":100,"column":13}},{"start":{"line":97,"column":12},"end":{"line":100,"column":13}}],"line":97},"7":{"loc":{"start":{"line":97,"column":18},"end":{"line":97,"column":86}},"type":"binary-expr","locations":[{"start":{"line":97,"column":18},"end":{"line":97,"column":52}},{"start":{"line":97,"column":56},"end":{"line":97,"column":86}}],"line":97},"8":{"loc":{"start":{"line":102,"column":12},"end":{"line":114,"column":13}},"type":"if","locations":[{"start":{"line":102,"column":12},"end":{"line":114,"column":13}},{"start":{"line":102,"column":12},"end":{"line":114,"column":13}}],"line":102},"9":{"loc":{"start":{"line":102,"column":16},"end":{"line":102,"column":45}},"type":"binary-expr","locations":[{"start":{"line":102,"column":16},"end":{"line":102,"column":35}},{"start":{"line":102,"column":39},"end":{"line":102,"column":45}}],"line":102},"10":{"loc":{"start":{"line":107,"column":16},"end":{"line":113,"column":17}},"type":"if","locations":[{"start":{"line":107,"column":16},"end":{"line":113,"column":17}},{"start":{"line":107,"column":16},"end":{"line":113,"column":17}}],"line":107},"11":{"loc":{"start":{"line":116,"column":8},"end":{"line":128,"column":9}},"type":"if","locations":[{"start":{"line":116,"column":8},"end":{"line":128,"column":9}},{"start":{"line":116,"column":8},"end":{"line":128,"column":9}}],"line":116},"12":{"loc":{"start":{"line":133,"column":8},"end":{"line":165,"column":9}},"type":"if","locations":[{"start":{"line":133,"column":8},"end":{"line":165,"column":9}},{"start":{"line":133,"column":8},"end":{"line":165,"column":9}}],"line":133},"13":{"loc":{"start":{"line":133,"column":12},"end":{"line":133,"column":59}},"type":"binary-expr","locations":[{"start":{"line":133,"column":12},"end":{"line":133,"column":30}},{"start":{"line":133,"column":34},"end":{"line":133,"column":59}}],"line":133},"14":{"loc":{"start":{"line":170,"column":8},"end":{"line":187,"column":9}},"type":"if","locations":[{"start":{"line":170,"column":8},"end":{"line":187,"column":9}},{"start":{"line":170,"column":8},"end":{"line":187,"column":9}}],"line":170},"15":{"loc":{"start":{"line":170,"column":12},"end":{"line":170,"column":65}},"type":"binary-expr","locations":[{"start":{"line":170,"column":12},"end":{"line":170,"column":33}},{"start":{"line":170,"column":37},"end":{"line":170,"column":65}}],"line":170},"16":{"loc":{"start":{"line":173,"column":12},"end":{"line":175,"column":13}},"type":"if","locations":[{"start":{"line":173,"column":12},"end":{"line":175,"column":13}},{"start":{"line":173,"column":12},"end":{"line":175,"column":13}}],"line":173},"17":{"loc":{"start":{"line":176,"column":12},"end":{"line":178,"column":13}},"type":"if","locations":[{"start":{"line":176,"column":12},"end":{"line":178,"column":13}},{"start":{"line":176,"column":12},"end":{"line":178,"column":13}}],"line":176},"18":{"loc":{"start":{"line":193,"column":8},"end":{"line":207,"column":9}},"type":"if","locations":[{"start":{"line":193,"column":8},"end":{"line":207,"column":9}},{"start":{"line":193,"column":8},"end":{"line":207,"column":9}}],"line":193},"19":{"loc":{"start":{"line":193,"column":12},"end":{"line":193,"column":132}},"type":"binary-expr","locations":[{"start":{"line":193,"column":12},"end":{"line":193,"column":33}},{"start":{"line":193,"column":37},"end":{"line":193,"column":65}},{"start":{"line":193,"column":69},"end":{"line":193,"column":132}}],"line":193},"20":{"loc":{"start":{"line":193,"column":71},"end":{"line":193,"column":131}},"type":"binary-expr","locations":[{"start":{"line":193,"column":71},"end":{"line":193,"column":98}},{"start":{"line":193,"column":102},"end":{"line":193,"column":131}}],"line":193},"21":{"loc":{"start":{"line":213,"column":8},"end":{"line":233,"column":9}},"type":"if","locations":[{"start":{"line":213,"column":8},"end":{"line":233,"column":9}},{"start":{"line":213,"column":8},"end":{"line":233,"column":9}}],"line":213},"22":{"loc":{"start":{"line":213,"column":12},"end":{"line":213,"column":91}},"type":"binary-expr","locations":[{"start":{"line":213,"column":12},"end":{"line":213,"column":33}},{"start":{"line":213,"column":37},"end":{"line":213,"column":59}},{"start":{"line":213,"column":63},"end":{"line":213,"column":91}}],"line":213},"23":{"loc":{"start":{"line":239,"column":8},"end":{"line":257,"column":9}},"type":"if","locations":[{"start":{"line":239,"column":8},"end":{"line":257,"column":9}},{"start":{"line":239,"column":8},"end":{"line":257,"column":9}}],"line":239},"24":{"loc":{"start":{"line":239,"column":12},"end":{"line":239,"column":91}},"type":"binary-expr","locations":[{"start":{"line":239,"column":12},"end":{"line":239,"column":33}},{"start":{"line":239,"column":37},"end":{"line":239,"column":59}},{"start":{"line":239,"column":63},"end":{"line":239,"column":91}}],"line":239},"25":{"loc":{"start":{"line":242,"column":12},"end":{"line":244,"column":13}},"type":"if","locations":[{"start":{"line":242,"column":12},"end":{"line":244,"column":13}},{"start":{"line":242,"column":12},"end":{"line":244,"column":13}}],"line":242},"26":{"loc":{"start":{"line":245,"column":12},"end":{"line":247,"column":13}},"type":"if","locations":[{"start":{"line":245,"column":12},"end":{"line":247,"column":13}},{"start":{"line":245,"column":12},"end":{"line":247,"column":13}}],"line":245},"27":{"loc":{"start":{"line":262,"column":8},"end":{"line":279,"column":9}},"type":"if","locations":[{"start":{"line":262,"column":8},"end":{"line":279,"column":9}},{"start":{"line":262,"column":8},"end":{"line":279,"column":9}}],"line":262},"28":{"loc":{"start":{"line":271,"column":16},"end":{"line":276,"column":17}},"type":"if","locations":[{"start":{"line":271,"column":16},"end":{"line":276,"column":17}},{"start":{"line":271,"column":16},"end":{"line":276,"column":17}}],"line":271}},"s":{"0":1,"1":1,"2":1,"3":1,"4":1,"5":0,"6":1,"7":1,"8":0,"9":1,"10":1,"11":0,"12":1,"13":1,"14":2,"15":4,"16":2,"17":1,"18":2,"19":10,"20":2,"21":3,"22":1,"23":2,"24":2,"25":2,"26":2,"27":2,"28":4,"29":1,"30":4,"31":4,"32":4,"33":2,"34":1,"35":3,"36":1,"37":7,"38":1,"39":1,"40":1,"41":1,"42":3,"43":3,"44":3,"45":6,"46":2,"47":6,"48":28,"49":6,"50":4,"51":2,"52":4,"53":2,"54":2,"55":2,"56":3,"57":1,"58":1,"59":1,"60":2,"61":2,"62":3,"63":2,"64":1,"65":1,"66":5,"67":1,"68":2,"69":1,"70":18,"71":1,"72":5,"73":1,"74":2,"75":1,"76":1,"77":1,"78":1,"79":2,"80":4,"81":2,"82":1,"83":1,"84":1,"85":1,"86":1,"87":1,"88":1,"89":3,"90":6,"91":3,"92":2,"93":1,"94":1,"95":1,"96":1,"97":2,"98":4,"99":2,"100":11,"101":2,"102":1,"103":1,"104":18,"105":1,"106":6,"107":1,"108":1,"109":1,"110":2,"111":4,"112":2,"113":12,"114":2,"115":1,"116":1,"117":1,"118":1,"119":1,"120":1,"121":1,"122":2,"123":4,"124":2,"125":1,"126":1,"127":6,"128":1,"129":3,"130":1,"131":18,"132":1,"133":1,"134":2,"135":2,"136":1,"137":1},"f":{"0":1,"1":0,"2":1,"3":0,"4":1,"5":0,"6":1,"7":1,"8":2,"9":4,"10":10,"11":3,"12":4,"13":3,"14":7,"15":1,"16":1,"17":0,"18":0,"19":3,"20":6,"21":28,"22":4,"23":1,"24":0,"25":2,"26":3,"27":5,"28":2,"29":18,"30":5,"31":2,"32":1,"33":1,"34":1,"35":0,"36":0,"37":0,"38":2,"39":4,"40":1,"41":0,"42":3,"43":6,"44":1,"45":0,"46":2,"47":4,"48":11,"49":18,"50":6,"51":1,"52":1,"53":0,"54":0,"55":2,"56":4,"57":12,"58":1,"59":0,"60":2,"61":4,"62":6,"63":3,"64":18,"65":2},"b":{"0":[1,1],"1":[1,2],"2":[3,3,3],"3":[1,3],"4":[4,3],"5":[1,1],"6":[2,4],"7":[6,6],"8":[4,2],"9":[6,4],"10":[2,0],"11":[1,2],"12":[1,1],"13":[2,1],"14":[1,1],"15":[2,2],"16":[1,0],"17":[1,0],"18":[2,1],"19":[3,3,2],"20":[2,1],"21":[1,1],"22":[2,2,1],"23":[1,1],"24":[2,2,1],"25":[1,0],"26":[1,0],"27":[1,1],"28":[0,2]},"_coverageSchema":"1a1c01bbd47fc00a2c39e90264f33305004495a9","hash":"be3e7cae420b4215c7609ef6356a58ff7b062dc8"}
,"/home/katoto/version/JSAU/jsau-apiserver/routes/index.js": {"path":"/home/katoto/version/JSAU/jsau-apiserver/routes/index.js","statementMap":{"0":{"start":{"line":1,"column":14},"end":{"line":1,"column":32}},"1":{"start":{"line":2,"column":13},"end":{"line":2,"column":29}},"2":{"start":{"line":3,"column":17},"end":{"line":3,"column":53}},"3":{"start":{"line":5,"column":0},"end":{"line":5,"column":33}},"4":{"start":{"line":7,"column":0},"end":{"line":7,"column":44}},"5":{"start":{"line":9,"column":0},"end":{"line":9,"column":47}},"6":{"start":{"line":11,"column":0},"end":{"line":11,"column":47}},"7":{"start":{"line":13,"column":0},"end":{"line":13,"column":51}},"8":{"start":{"line":15,"column":0},"end":{"line":15,"column":53}},"9":{"start":{"line":17,"column":0},"end":{"line":17,"column":51}},"10":{"start":{"line":19,"column":0},"end":{"line":19,"column":51}},"11":{"start":{"line":21,"column":0},"end":{"line":21,"column":53}},"12":{"start":{"line":23,"column":0},"end":{"line":23,"column":51}},"13":{"start":{"line":25,"column":0},"end":{"line":25,"column":48}},"14":{"start":{"line":27,"column":0},"end":{"line":27,"column":24}}},"fnMap":{},"branchMap":{},"s":{"0":1,"1":1,"2":1,"3":1,"4":1,"5":1,"6":1,"7":1,"8":1,"9":1,"10":1,"11":1,"12":1,"13":1,"14":1},"f":{},"b":{},"_coverageSchema":"1a1c01bbd47fc00a2c39e90264f33305004495a9","hash":"064c0bcb889b3dbbeb9a110a719612eed226af1f"}
,"/home/katoto/version/JSAU/jsau-apiserver/tests/dataJson/dataPostEnq.js": {"path":"/home/katoto/version/JSAU/jsau-apiserver/tests/dataJson/dataPostEnq.js","statementMap":{"0":{"start":{"line":1,"column":20},"end":{"line":77,"column":1}},"1":{"start":{"line":78,"column":0},"end":{"line":78,"column":28}}},"fnMap":{},"branchMap":{},"s":{"0":1,"1":1},"f":{},"b":{},"_coverageSchema":"1a1c01bbd47fc00a2c39e90264f33305004495a9","hash":"6d87b26311af157b5d56650a52d6d1dfa8d75c57"}
}
