TN:
SF:app.js
FN:23,(anonymous_0)
FN:28,(anonymous_1)
FNF:2
FNH:2
FNDA:1,(anonymous_0)
FNDA:1,(anonymous_1)
DA:2,1
DA:3,1
DA:4,1
DA:5,1
DA:6,1
DA:7,1
DA:9,1
DA:11,1
DA:13,1
DA:15,1
DA:16,1
DA:17,1
DA:18,1
DA:19,1
DA:21,1
DA:23,1
DA:24,1
DA:28,1
DA:29,1
DA:30,1
DA:31,1
DA:34,1
LF:22
LH:22
BRF:0
BRH:0
end_of_record
TN:
SF:bin/pathJson.js
FNF:0
FNH:0
DA:2,1
DA:4,1
LF:2
LH:2
BRF:0
BRH:0
end_of_record
TN:
SF:controllers/controller.js
FN:5,delOrPutIssue
FN:6,(anonymous_1)
FN:16,(anonymous_2)
FN:17,(anonymous_3)
FN:26,(anonymous_4)
FN:27,(anonymous_5)
FN:36,(anonymous_6)
FN:37,(anonymous_7)
FN:45,(anonymous_8)
FN:46,(anonymous_9)
FN:54,(anonymous_10)
FN:55,(anonymous_11)
FN:67,(anonymous_12)
FN:68,(anonymous_13)
FN:76,(anonymous_14)
FN:77,(anonymous_15)
FN:85,(anonymous_16)
FN:88,(anonymous_17)
FN:91,(anonymous_18)
FN:94,(anonymous_19)
FN:97,(anonymous_20)
FNF:21
FNH:21
FNDA:8,delOrPutIssue
FNDA:8,(anonymous_1)
FNDA:1,(anonymous_2)
FNDA:1,(anonymous_3)
FNDA:1,(anonymous_4)
FNDA:1,(anonymous_5)
FNDA:2,(anonymous_6)
FNDA:2,(anonymous_7)
FNDA:2,(anonymous_8)
FNDA:2,(anonymous_9)
FNDA:3,(anonymous_10)
FNDA:3,(anonymous_11)
FNDA:3,(anonymous_12)
FNDA:3,(anonymous_13)
FNDA:4,(anonymous_14)
FNDA:4,(anonymous_15)
FNDA:2,(anonymous_16)
FNDA:2,(anonymous_17)
FNDA:2,(anonymous_18)
FNDA:2,(anonymous_19)
FNDA:1,(anonymous_20)
DA:3,1
DA:6,8
DA:7,8
DA:8,4
DA:10,4
DA:15,1
DA:17,1
DA:23,1
DA:27,1
DA:33,1
DA:37,2
DA:38,2
DA:39,1
DA:41,1
DA:46,2
DA:47,2
DA:48,1
DA:50,1
DA:55,3
DA:56,3
DA:57,1
DA:63,2
DA:68,3
DA:69,3
DA:70,1
DA:72,2
DA:77,4
DA:78,4
DA:79,1
DA:81,3
DA:86,2
DA:89,2
DA:92,2
DA:95,2
DA:98,1
LF:35
LH:35
BRDA:7,0,0,4
BRDA:7,0,1,4
BRDA:38,1,0,1
BRDA:38,1,1,1
BRDA:47,2,0,1
BRDA:47,2,1,1
BRDA:56,3,0,1
BRDA:56,3,1,2
BRDA:69,4,0,1
BRDA:69,4,1,2
BRDA:78,5,0,1
BRDA:78,5,1,3
BRF:12
BRH:12
end_of_record
TN:
SF:models/model.js
FN:10,(anonymous_0)
FN:13,(anonymous_1)
FN:19,(anonymous_2)
FN:22,(anonymous_3)
FN:28,(anonymous_4)
FN:31,(anonymous_5)
FN:38,(anonymous_6)
FN:42,(anonymous_7)
FN:46,(anonymous_8)
FN:47,(anonymous_9)
FN:51,(anonymous_10)
FN:57,(anonymous_11)
FN:67,(anonymous_12)
FN:78,(anonymous_13)
FN:79,(anonymous_14)
FN:94,(anonymous_15)
FN:100,(anonymous_16)
FN:105,(anonymous_17)
FN:109,(anonymous_18)
FN:136,(anonymous_19)
FN:137,(anonymous_20)
FN:141,(anonymous_21)
FN:142,(anonymous_22)
FN:143,(anonymous_23)
FN:144,(anonymous_24)
FN:145,(anonymous_25)
FN:158,(anonymous_26)
FN:159,(anonymous_27)
FN:181,(anonymous_28)
FN:182,(anonymous_29)
FN:200,(anonymous_30)
FN:201,(anonymous_31)
FN:202,(anonymous_32)
FN:206,(anonymous_33)
FN:207,(anonymous_34)
FN:219,(anonymous_35)
FN:220,(anonymous_36)
FN:221,(anonymous_37)
FN:245,(anonymous_38)
FN:246,(anonymous_39)
FN:250,(anonymous_40)
FN:251,(anonymous_41)
FN:252,(anonymous_42)
FN:253,(anonymous_43)
FN:254,(anonymous_44)
FN:255,(anonymous_45)
FNF:46
FNH:43
FNDA:1,(anonymous_0)
FNDA:0,(anonymous_1)
FNDA:1,(anonymous_2)
FNDA:0,(anonymous_3)
FNDA:1,(anonymous_4)
FNDA:0,(anonymous_5)
FNDA:1,(anonymous_6)
FNDA:1,(anonymous_7)
FNDA:2,(anonymous_8)
FNDA:20,(anonymous_9)
FNDA:15,(anonymous_10)
FNDA:3,(anonymous_11)
FNDA:4,(anonymous_12)
FNDA:11,(anonymous_13)
FNDA:17,(anonymous_14)
FNDA:4,(anonymous_15)
FNDA:6,(anonymous_16)
FNDA:88,(anonymous_17)
FNDA:20,(anonymous_18)
FNDA:2,(anonymous_19)
FNDA:19,(anonymous_20)
FNDA:15,(anonymous_21)
FNDA:2,(anonymous_22)
FNDA:31,(anonymous_23)
FNDA:15,(anonymous_24)
FNDA:10,(anonymous_25)
FNDA:2,(anonymous_26)
FNDA:20,(anonymous_27)
FNDA:3,(anonymous_28)
FNDA:30,(anonymous_29)
FNDA:2,(anonymous_30)
FNDA:20,(anonymous_31)
FNDA:31,(anonymous_32)
FNDA:31,(anonymous_33)
FNDA:16,(anonymous_34)
FNDA:2,(anonymous_35)
FNDA:20,(anonymous_36)
FNDA:32,(anonymous_37)
FNDA:2,(anonymous_38)
FNDA:20,(anonymous_39)
FNDA:16,(anonymous_40)
FNDA:3,(anonymous_41)
FNDA:31,(anonymous_42)
FNDA:16,(anonymous_43)
FNDA:2,(anonymous_44)
FNDA:31,(anonymous_45)
DA:2,1
DA:3,1
DA:4,1
DA:9,1
DA:11,1
DA:18,1
DA:20,1
DA:27,1
DA:29,1
DA:39,1
DA:43,1
DA:47,20
DA:48,2
DA:49,1
DA:51,15
DA:52,1
DA:59,3
DA:60,1
DA:62,2
DA:63,2
DA:64,2
DA:65,2
DA:66,2
DA:67,2
DA:69,4
DA:70,1
DA:72,4
DA:73,4
DA:74,4
DA:75,4
DA:77,2
DA:78,11
DA:79,17
DA:80,1
DA:82,1
DA:83,1
DA:84,1
DA:85,1
DA:95,4
DA:96,4
DA:97,4
DA:98,1
DA:100,3
DA:102,6
DA:103,2
DA:105,88
DA:106,6
DA:107,4
DA:109,20
DA:121,3
DA:122,1
DA:123,1
DA:124,1
DA:125,1
DA:131,2
DA:137,19
DA:138,2
DA:139,1
DA:141,15
DA:142,2
DA:143,31
DA:144,15
DA:145,10
DA:146,1
DA:147,1
DA:148,1
DA:149,1
DA:150,1
DA:159,20
DA:160,2
DA:161,1
DA:171,1
DA:172,1
DA:173,1
DA:182,30
DA:184,3
DA:185,2
DA:187,1
DA:188,1
DA:189,1
DA:190,1
DA:191,1
DA:192,1
DA:201,20
DA:202,31
DA:203,2
DA:204,1
DA:206,31
DA:207,16
DA:208,1
DA:209,1
DA:210,1
DA:211,1
DA:220,20
DA:221,32
DA:222,2
DA:223,1
DA:235,1
DA:236,1
DA:237,1
DA:246,20
DA:247,2
DA:248,1
DA:250,16
DA:251,3
DA:252,31
DA:253,16
DA:254,2
DA:255,31
DA:256,1
DA:271,1
DA:276,1
LF:112
LH:112
BRDA:48,0,0,1
BRDA:48,0,1,1
BRDA:48,1,0,2
BRDA:48,1,1,1
BRDA:59,2,0,1
BRDA:59,2,1,2
BRDA:59,3,0,3
BRDA:59,3,1,3
BRDA:59,3,2,3
BRDA:59,3,3,3
BRDA:59,3,4,3
BRDA:59,4,0,3
BRDA:59,4,1,3
BRDA:59,4,2,3
BRDA:69,5,0,1
BRDA:69,5,1,3
BRDA:69,6,0,4
BRDA:69,6,1,4
BRDA:69,6,2,4
BRDA:69,7,0,4
BRDA:69,7,1,3
BRDA:77,8,0,1
BRDA:77,8,1,1
BRDA:97,9,0,1
BRDA:97,9,1,3
BRDA:97,10,0,4
BRDA:97,10,1,4
BRDA:102,11,0,2
BRDA:102,11,1,4
BRDA:102,12,0,6
BRDA:102,12,1,6
BRDA:102,12,2,6
BRDA:102,13,0,6
BRDA:102,13,1,6
BRDA:106,14,0,4
BRDA:106,14,1,2
BRDA:106,15,0,6
BRDA:106,15,1,4
BRDA:121,16,0,1
BRDA:121,16,1,2
BRDA:138,17,0,1
BRDA:138,17,1,1
BRDA:138,18,0,2
BRDA:138,18,1,1
BRDA:160,19,0,1
BRDA:160,19,1,1
BRDA:160,20,0,2
BRDA:160,20,1,2
BRDA:184,21,0,2
BRDA:184,21,1,1
BRDA:184,22,0,3
BRDA:184,22,1,3
BRDA:184,22,2,2
BRDA:184,23,0,2
BRDA:184,23,1,1
BRDA:203,24,0,1
BRDA:203,24,1,1
BRDA:203,25,0,2
BRDA:203,25,1,2
BRDA:203,25,2,1
BRDA:222,26,0,1
BRDA:222,26,1,1
BRDA:222,27,0,2
BRDA:222,27,1,2
BRDA:222,27,2,1
BRDA:247,28,0,1
BRDA:247,28,1,1
BRDA:253,29,0,16
BRDA:253,29,1,3
BRF:69
BRH:69
end_of_record
TN:
SF:routes/index.js
FNF:0
FNH:0
DA:2,1
DA:3,1
DA:4,1
DA:6,1
DA:8,1
DA:10,1
DA:12,1
DA:14,1
DA:16,1
DA:18,1
DA:20,1
DA:22,1
DA:24,1
DA:26,1
DA:28,1
DA:30,1
LF:16
LH:16
BRF:0
BRH:0
end_of_record
TN:
SF:tests/dataJson/dataPostEnq.js
FNF:0
FNH:0
DA:2,1
DA:79,1
LF:2
LH:2
BRF:0
BRH:0
end_of_record
